d:\max\pso\lab0\hal9000\temp\x64\debug\eth_82574l\eth_82574l.nativecodeanalysis.sarif
d:\max\pso\lab0\hal9000\temp\x64\debug\eth_82574l\eth_82574l.nativecodeanalysis.xml
d:\max\pso\lab0\hal9000\temp\x64\debug\eth_82574l\eth_82574l.obj
d:\max\pso\lab0\hal9000\temp\x64\debug\eth_82574l\eth_82574l_structures.nativecodeanalysis.sarif
d:\max\pso\lab0\hal9000\temp\x64\debug\eth_82574l\eth_82574l_structures.nativecodeanalysis.xml
d:\max\pso\lab0\hal9000\temp\x64\debug\eth_82574l\eth_82574l_structures.obj
d:\max\pso\lab0\hal9000\temp\x64\debug\eth_82574l\eth_82574l_operations.nativecodeanalysis.sarif
d:\max\pso\lab0\hal9000\temp\x64\debug\eth_82574l\eth_82574l_operations.nativecodeanalysis.xml
d:\max\pso\lab0\hal9000\temp\x64\debug\eth_82574l\eth_82574l_operations.obj
d:\max\pso\lab0\hal9000\temp\x64\debug\eth_82574l\eth_eeprom.nativecodeanalysis.sarif
d:\max\pso\lab0\hal9000\temp\x64\debug\eth_82574l\eth_eeprom.nativecodeanalysis.xml
d:\max\pso\lab0\hal9000\temp\x64\debug\eth_82574l\eth_eeprom.obj
d:\max\pso\lab0\hal9000\bin\x64\debug\eth_82574l\eth_82574l.pdb
d:\max\pso\lab0\hal9000\bin\x64\debug\eth_82574l\eth_82574l.lib
d:\max\pso\lab0\hal9000\temp\x64\debug\eth_82574l\vc.nativecodeanalysis.all.xml
d:\max\pso\lab0\hal9000\src\..\bin\x64\debug\eth_82574l\eth_82574l.pdb
d:\max\pso\lab0\hal9000\temp\x64\debug\eth_82574l\eth_82574l.tlog\cl.20296.write.1.tlog
d:\max\pso\lab0\hal9000\temp\x64\debug\eth_82574l\eth_82574l.tlog\cl.command.1.tlog
d:\max\pso\lab0\hal9000\temp\x64\debug\eth_82574l\eth_82574l.tlog\cl.read.1.tlog
d:\max\pso\lab0\hal9000\temp\x64\debug\eth_82574l\eth_82574l.tlog\lib-link.read.1.tlog
d:\max\pso\lab0\hal9000\temp\x64\debug\eth_82574l\eth_82574l.tlog\lib-link.write.1.tlog
d:\max\pso\lab0\hal9000\temp\x64\debug\eth_82574l\eth_82574l.tlog\lib.command.1.tlog
