d:\max\pso\lab0\hal9000\temp\x64\debug\hal9000\_mboot32.obj
d:\max\pso\lab0\hal9000\temp\x64\debug\hal9000\_syscall.obj
d:\max\pso\lab0\hal9000\temp\x64\debug\hal9000\_thread.obj
d:\max\pso\lab0\hal9000\temp\x64\debug\hal9000\_trampoline.obj
d:\max\pso\lab0\hal9000\temp\x64\debug\hal9000\_transition.obj
d:\max\pso\lab0\hal9000\temp\x64\debug\hal9000\_exports.obj
d:\max\pso\lab0\hal9000\temp\x64\debug\hal9000\_isr.obj
d:\max\pso\lab0\hal9000\temp\x64\debug\hal9000\_low_mem.obj
d:\max\pso\lab0\hal9000\temp\x64\debug\hal9000\boot_module.nativecodeanalysis.sarif
d:\max\pso\lab0\hal9000\temp\x64\debug\hal9000\boot_module.nativecodeanalysis.xml
d:\max\pso\lab0\hal9000\temp\x64\debug\hal9000\boot_module.obj
d:\max\pso\lab0\hal9000\temp\x64\debug\hal9000\dmp_ata.nativecodeanalysis.sarif
d:\max\pso\lab0\hal9000\temp\x64\debug\hal9000\dmp_ata.nativecodeanalysis.xml
d:\max\pso\lab0\hal9000\temp\x64\debug\hal9000\dmp_ata.obj
d:\max\pso\lab0\hal9000\temp\x64\debug\hal9000\dmp_disk.nativecodeanalysis.sarif
d:\max\pso\lab0\hal9000\temp\x64\debug\hal9000\dmp_disk.nativecodeanalysis.xml
d:\max\pso\lab0\hal9000\temp\x64\debug\hal9000\dmp_disk.obj
d:\max\pso\lab0\hal9000\temp\x64\debug\hal9000\dmp_io.nativecodeanalysis.sarif
d:\max\pso\lab0\hal9000\temp\x64\debug\hal9000\dmp_io.nativecodeanalysis.xml
d:\max\pso\lab0\hal9000\temp\x64\debug\hal9000\dmp_io.obj
d:\max\pso\lab0\hal9000\temp\x64\debug\hal9000\dmp_mdl.nativecodeanalysis.sarif
d:\max\pso\lab0\hal9000\temp\x64\debug\hal9000\dmp_mdl.nativecodeanalysis.xml
d:\max\pso\lab0\hal9000\temp\x64\debug\hal9000\dmp_mdl.obj
d:\max\pso\lab0\hal9000\temp\x64\debug\hal9000\dmp_nt.nativecodeanalysis.sarif
d:\max\pso\lab0\hal9000\temp\x64\debug\hal9000\dmp_nt.nativecodeanalysis.xml
d:\max\pso\lab0\hal9000\temp\x64\debug\hal9000\dmp_nt.obj
d:\max\pso\lab0\hal9000\temp\x64\debug\hal9000\ex_system.nativecodeanalysis.sarif
d:\max\pso\lab0\hal9000\temp\x64\debug\hal9000\ex_system.nativecodeanalysis.xml
d:\max\pso\lab0\hal9000\temp\x64\debug\hal9000\ex_system.obj
d:\max\pso\lab0\hal9000\temp\x64\debug\hal9000\iomu.nativecodeanalysis.sarif
d:\max\pso\lab0\hal9000\temp\x64\debug\hal9000\iomu.nativecodeanalysis.xml
d:\max\pso\lab0\hal9000\temp\x64\debug\hal9000\iomu.obj
d:\max\pso\lab0\hal9000\temp\x64\debug\hal9000\acpi_osl.nativecodeanalysis.sarif
d:\max\pso\lab0\hal9000\temp\x64\debug\hal9000\acpi_osl.nativecodeanalysis.xml
d:\max\pso\lab0\hal9000\temp\x64\debug\hal9000\acpi_osl.obj
d:\max\pso\lab0\hal9000\temp\x64\debug\hal9000\cmd_sys_helper.nativecodeanalysis.sarif
d:\max\pso\lab0\hal9000\temp\x64\debug\hal9000\cmd_sys_helper.nativecodeanalysis.xml
d:\max\pso\lab0\hal9000\temp\x64\debug\hal9000\cmd_sys_helper.obj
d:\max\pso\lab0\hal9000\temp\x64\debug\hal9000\display.nativecodeanalysis.sarif
d:\max\pso\lab0\hal9000\temp\x64\debug\hal9000\display.nativecodeanalysis.xml
d:\max\pso\lab0\hal9000\temp\x64\debug\hal9000\display.obj
d:\max\pso\lab0\hal9000\temp\x64\debug\hal9000\dmp_cmos.nativecodeanalysis.sarif
d:\max\pso\lab0\hal9000\temp\x64\debug\hal9000\dmp_cmos.nativecodeanalysis.xml
d:\max\pso\lab0\hal9000\temp\x64\debug\hal9000\dmp_cmos.obj
d:\max\pso\lab0\hal9000\temp\x64\debug\hal9000\dmp_int15.nativecodeanalysis.sarif
d:\max\pso\lab0\hal9000\temp\x64\debug\hal9000\dmp_int15.nativecodeanalysis.xml
d:\max\pso\lab0\hal9000\temp\x64\debug\hal9000\dmp_int15.obj
d:\max\pso\lab0\hal9000\temp\x64\debug\hal9000\dmp_mbr.nativecodeanalysis.sarif
d:\max\pso\lab0\hal9000\temp\x64\debug\hal9000\dmp_mbr.nativecodeanalysis.xml
d:\max\pso\lab0\hal9000\temp\x64\debug\hal9000\dmp_mbr.obj
d:\max\pso\lab0\hal9000\temp\x64\debug\hal9000\dmp_volume.nativecodeanalysis.sarif
d:\max\pso\lab0\hal9000\temp\x64\debug\hal9000\dmp_volume.nativecodeanalysis.xml
d:\max\pso\lab0\hal9000\temp\x64\debug\hal9000\dmp_volume.obj
d:\max\pso\lab0\hal9000\temp\x64\debug\hal9000\io_devices.nativecodeanalysis.sarif
d:\max\pso\lab0\hal9000\temp\x64\debug\hal9000\io_devices.nativecodeanalysis.xml
d:\max\pso\lab0\hal9000\temp\x64\debug\hal9000\io_devices.obj
d:\max\pso\lab0\hal9000\temp\x64\debug\hal9000\keyboard_utils.nativecodeanalysis.sarif
d:\max\pso\lab0\hal9000\temp\x64\debug\hal9000\keyboard_utils.nativecodeanalysis.xml
d:\max\pso\lab0\hal9000\temp\x64\debug\hal9000\keyboard_utils.obj
d:\max\pso\lab0\hal9000\temp\x64\debug\hal9000\log.nativecodeanalysis.sarif
d:\max\pso\lab0\hal9000\temp\x64\debug\hal9000\log.nativecodeanalysis.xml
d:\max\pso\lab0\hal9000\temp\x64\debug\hal9000\log.obj
d:\max\pso\lab0\hal9000\temp\x64\debug\hal9000\smp.nativecodeanalysis.sarif
d:\max\pso\lab0\hal9000\temp\x64\debug\hal9000\smp.nativecodeanalysis.xml
d:\max\pso\lab0\hal9000\temp\x64\debug\hal9000\smp.obj
d:\max\pso\lab0\hal9000\temp\x64\debug\hal9000\test_pmm.nativecodeanalysis.sarif
d:\max\pso\lab0\hal9000\temp\x64\debug\hal9000\test_pmm.nativecodeanalysis.xml
d:\max\pso\lab0\hal9000\temp\x64\debug\hal9000\test_pmm.obj
d:\max\pso\lab0\hal9000\temp\x64\debug\hal9000\thread.nativecodeanalysis.sarif
d:\max\pso\lab0\hal9000\temp\x64\debug\hal9000\thread.nativecodeanalysis.xml
d:\max\pso\lab0\hal9000\temp\x64\debug\hal9000\thread.obj
d:\max\pso\lab0\hal9000\temp\x64\debug\hal9000\dmp_process.nativecodeanalysis.sarif
d:\max\pso\lab0\hal9000\temp\x64\debug\hal9000\dmp_process.nativecodeanalysis.xml
d:\max\pso\lab0\hal9000\temp\x64\debug\hal9000\dmp_process.obj
d:\max\pso\lab0\hal9000\temp\x64\debug\hal9000\cmd_interpreter.nativecodeanalysis.sarif
d:\max\pso\lab0\hal9000\temp\x64\debug\hal9000\cmd_interpreter.nativecodeanalysis.xml
d:\max\pso\lab0\hal9000\temp\x64\debug\hal9000\cmd_interpreter.obj
d:\max\pso\lab0\hal9000\temp\x64\debug\hal9000\cpumu.nativecodeanalysis.sarif
d:\max\pso\lab0\hal9000\temp\x64\debug\hal9000\cpumu.nativecodeanalysis.xml
d:\max\pso\lab0\hal9000\temp\x64\debug\hal9000\cpumu.obj
d:\max\pso\lab0\hal9000\temp\x64\debug\hal9000\dmp_cpu.nativecodeanalysis.sarif
d:\max\pso\lab0\hal9000\temp\x64\debug\hal9000\dmp_cpu.nativecodeanalysis.xml
d:\max\pso\lab0\hal9000\temp\x64\debug\hal9000\dmp_cpu.obj
d:\max\pso\lab0\hal9000\temp\x64\debug\hal9000\dmp_lapic.nativecodeanalysis.sarif
d:\max\pso\lab0\hal9000\temp\x64\debug\hal9000\dmp_lapic.nativecodeanalysis.xml
d:\max\pso\lab0\hal9000\temp\x64\debug\hal9000\dmp_lapic.obj
d:\max\pso\lab0\hal9000\temp\x64\debug\hal9000\dmp_net_device.nativecodeanalysis.sarif
d:\max\pso\lab0\hal9000\temp\x64\debug\hal9000\dmp_net_device.nativecodeanalysis.xml
d:\max\pso\lab0\hal9000\temp\x64\debug\hal9000\dmp_net_device.obj
d:\max\pso\lab0\hal9000\temp\x64\debug\hal9000\entry64.nativecodeanalysis.sarif
d:\max\pso\lab0\hal9000\temp\x64\debug\hal9000\entry64.nativecodeanalysis.xml
d:\max\pso\lab0\hal9000\temp\x64\debug\hal9000\entry64.obj
d:\max\pso\lab0\hal9000\temp\x64\debug\hal9000\gdtmu.nativecodeanalysis.sarif
d:\max\pso\lab0\hal9000\temp\x64\debug\hal9000\gdtmu.nativecodeanalysis.xml
d:\max\pso\lab0\hal9000\temp\x64\debug\hal9000\gdtmu.obj
d:\max\pso\lab0\hal9000\temp\x64\debug\hal9000\io_files.nativecodeanalysis.sarif
d:\max\pso\lab0\hal9000\temp\x64\debug\hal9000\io_files.nativecodeanalysis.xml
d:\max\pso\lab0\hal9000\temp\x64\debug\hal9000\io_files.obj
d:\max\pso\lab0\hal9000\temp\x64\debug\hal9000\pmm.nativecodeanalysis.sarif
d:\max\pso\lab0\hal9000\temp\x64\debug\hal9000\pmm.nativecodeanalysis.xml
d:\max\pso\lab0\hal9000\temp\x64\debug\hal9000\pmm.obj
d:\max\pso\lab0\hal9000\temp\x64\debug\hal9000\pci_system.nativecodeanalysis.sarif
d:\max\pso\lab0\hal9000\temp\x64\debug\hal9000\pci_system.nativecodeanalysis.xml
d:\max\pso\lab0\hal9000\temp\x64\debug\hal9000\pci_system.obj
d:\max\pso\lab0\hal9000\temp\x64\debug\hal9000\test_process.nativecodeanalysis.sarif
d:\max\pso\lab0\hal9000\temp\x64\debug\hal9000\test_process.nativecodeanalysis.xml
d:\max\pso\lab0\hal9000\temp\x64\debug\hal9000\test_process.obj
d:\max\pso\lab0\hal9000\temp\x64\debug\hal9000\system.nativecodeanalysis.sarif
d:\max\pso\lab0\hal9000\temp\x64\debug\hal9000\system.nativecodeanalysis.xml
d:\max\pso\lab0\hal9000\temp\x64\debug\hal9000\system.obj
d:\max\pso\lab0\hal9000\temp\x64\debug\hal9000\test_dma.nativecodeanalysis.sarif
d:\max\pso\lab0\hal9000\temp\x64\debug\hal9000\test_dma.nativecodeanalysis.xml
d:\max\pso\lab0\hal9000\temp\x64\debug\hal9000\test_dma.obj
d:\max\pso\lab0\hal9000\temp\x64\debug\hal9000\cmd_basic.nativecodeanalysis.sarif
d:\max\pso\lab0\hal9000\temp\x64\debug\hal9000\cmd_basic.nativecodeanalysis.xml
d:\max\pso\lab0\hal9000\temp\x64\debug\hal9000\cmd_basic.obj
d:\max\pso\lab0\hal9000\temp\x64\debug\hal9000\cmd_net_helper.nativecodeanalysis.sarif
d:\max\pso\lab0\hal9000\temp\x64\debug\hal9000\cmd_net_helper.nativecodeanalysis.xml
d:\max\pso\lab0\hal9000\temp\x64\debug\hal9000\cmd_net_helper.obj
d:\max\pso\lab0\hal9000\temp\x64\debug\hal9000\core.nativecodeanalysis.sarif
d:\max\pso\lab0\hal9000\temp\x64\debug\hal9000\core.nativecodeanalysis.xml
d:\max\pso\lab0\hal9000\temp\x64\debug\hal9000\core.obj
d:\max\pso\lab0\hal9000\temp\x64\debug\hal9000\dmp_common.nativecodeanalysis.sarif
d:\max\pso\lab0\hal9000\temp\x64\debug\hal9000\dmp_common.nativecodeanalysis.xml
d:\max\pso\lab0\hal9000\temp\x64\debug\hal9000\dmp_common.obj
d:\max\pso\lab0\hal9000\temp\x64\debug\hal9000\dmp_ioapic.nativecodeanalysis.sarif
d:\max\pso\lab0\hal9000\temp\x64\debug\hal9000\dmp_ioapic.nativecodeanalysis.xml
d:\max\pso\lab0\hal9000\temp\x64\debug\hal9000\dmp_ioapic.obj
d:\max\pso\lab0\hal9000\temp\x64\debug\hal9000\dmp_memory.nativecodeanalysis.sarif
d:\max\pso\lab0\hal9000\temp\x64\debug\hal9000\dmp_memory.nativecodeanalysis.xml
d:\max\pso\lab0\hal9000\temp\x64\debug\hal9000\dmp_memory.obj
d:\max\pso\lab0\hal9000\temp\x64\debug\hal9000\ex_event.nativecodeanalysis.sarif
d:\max\pso\lab0\hal9000\temp\x64\debug\hal9000\ex_event.nativecodeanalysis.xml
d:\max\pso\lab0\hal9000\temp\x64\debug\hal9000\ex_event.obj
d:\max\pso\lab0\hal9000\temp\x64\debug\hal9000\idt_handlers.nativecodeanalysis.sarif
d:\max\pso\lab0\hal9000\temp\x64\debug\hal9000\idt_handlers.nativecodeanalysis.xml
d:\max\pso\lab0\hal9000\temp\x64\debug\hal9000\idt_handlers.obj
d:\max\pso\lab0\hal9000\temp\x64\debug\hal9000\lapic_system.nativecodeanalysis.sarif
d:\max\pso\lab0\hal9000\temp\x64\debug\hal9000\lapic_system.nativecodeanalysis.xml
d:\max\pso\lab0\hal9000\temp\x64\debug\hal9000\lapic_system.obj
d:\max\pso\lab0\hal9000\temp\x64\debug\hal9000\perf_framework.nativecodeanalysis.sarif
d:\max\pso\lab0\hal9000\temp\x64\debug\hal9000\perf_framework.nativecodeanalysis.xml
d:\max\pso\lab0\hal9000\temp\x64\debug\hal9000\perf_framework.obj
d:\max\pso\lab0\hal9000\temp\x64\debug\hal9000\print.nativecodeanalysis.sarif
d:\max\pso\lab0\hal9000\temp\x64\debug\hal9000\print.nativecodeanalysis.xml
d:\max\pso\lab0\hal9000\temp\x64\debug\hal9000\print.obj
d:\max\pso\lab0\hal9000\temp\x64\debug\hal9000\test_priority_donation.nativecodeanalysis.sarif
d:\max\pso\lab0\hal9000\temp\x64\debug\hal9000\test_priority_donation.nativecodeanalysis.xml
d:\max\pso\lab0\hal9000\temp\x64\debug\hal9000\test_priority_donation.obj
d:\max\pso\lab0\hal9000\temp\x64\debug\hal9000\acpi_interface.nativecodeanalysis.sarif
d:\max\pso\lab0\hal9000\temp\x64\debug\hal9000\acpi_interface.nativecodeanalysis.xml
d:\max\pso\lab0\hal9000\temp\x64\debug\hal9000\acpi_interface.obj
d:\max\pso\lab0\hal9000\temp\x64\debug\hal9000\cmd_thread_helper.nativecodeanalysis.sarif
d:\max\pso\lab0\hal9000\temp\x64\debug\hal9000\cmd_thread_helper.nativecodeanalysis.xml
d:\max\pso\lab0\hal9000\temp\x64\debug\hal9000\cmd_thread_helper.obj
d:\max\pso\lab0\hal9000\temp\x64\debug\hal9000\isr.nativecodeanalysis.sarif
d:\max\pso\lab0\hal9000\temp\x64\debug\hal9000\isr.nativecodeanalysis.xml
d:\max\pso\lab0\hal9000\temp\x64\debug\hal9000\isr.obj
d:\max\pso\lab0\hal9000\temp\x64\debug\hal9000\mmu.nativecodeanalysis.sarif
d:\max\pso\lab0\hal9000\temp\x64\debug\hal9000\mmu.nativecodeanalysis.xml
d:\max\pso\lab0\hal9000\temp\x64\debug\hal9000\mmu.obj
d:\max\pso\lab0\hal9000\temp\x64\debug\hal9000\test_vmm.nativecodeanalysis.sarif
d:\max\pso\lab0\hal9000\temp\x64\debug\hal9000\test_vmm.nativecodeanalysis.xml
d:\max\pso\lab0\hal9000\temp\x64\debug\hal9000\test_vmm.obj
d:\max\pso\lab0\hal9000\temp\x64\debug\hal9000\os_time.nativecodeanalysis.sarif
d:\max\pso\lab0\hal9000\temp\x64\debug\hal9000\os_time.nativecodeanalysis.xml
d:\max\pso\lab0\hal9000\temp\x64\debug\hal9000\os_time.obj
d:\max\pso\lab0\hal9000\temp\x64\debug\hal9000\process.nativecodeanalysis.sarif
d:\max\pso\lab0\hal9000\temp\x64\debug\hal9000\process.nativecodeanalysis.xml
d:\max\pso\lab0\hal9000\temp\x64\debug\hal9000\process.obj
d:\max\pso\lab0\hal9000\temp\x64\debug\hal9000\dmp_network.nativecodeanalysis.sarif
d:\max\pso\lab0\hal9000\temp\x64\debug\hal9000\dmp_network.nativecodeanalysis.xml
d:\max\pso\lab0\hal9000\temp\x64\debug\hal9000\dmp_network.obj
d:\max\pso\lab0\hal9000\temp\x64\debug\hal9000\ex.nativecodeanalysis.sarif
d:\max\pso\lab0\hal9000\temp\x64\debug\hal9000\ex.nativecodeanalysis.xml
d:\max\pso\lab0\hal9000\temp\x64\debug\hal9000\ex.obj
d:\max\pso\lab0\hal9000\temp\x64\debug\hal9000\ex_timer.nativecodeanalysis.sarif
d:\max\pso\lab0\hal9000\temp\x64\debug\hal9000\ex_timer.nativecodeanalysis.xml
d:\max\pso\lab0\hal9000\temp\x64\debug\hal9000\ex_timer.obj
d:\max\pso\lab0\hal9000\temp\x64\debug\hal9000\keyboard.nativecodeanalysis.sarif
d:\max\pso\lab0\hal9000\temp\x64\debug\hal9000\keyboard.nativecodeanalysis.xml
d:\max\pso\lab0\hal9000\temp\x64\debug\hal9000\keyboard.obj
d:\max\pso\lab0\hal9000\temp\x64\debug\hal9000\network_utils.nativecodeanalysis.sarif
d:\max\pso\lab0\hal9000\temp\x64\debug\hal9000\network_utils.nativecodeanalysis.xml
d:\max\pso\lab0\hal9000\temp\x64\debug\hal9000\network_utils.obj
d:\max\pso\lab0\hal9000\temp\x64\debug\hal9000\os_info.nativecodeanalysis.sarif
d:\max\pso\lab0\hal9000\temp\x64\debug\hal9000\os_info.nativecodeanalysis.xml
d:\max\pso\lab0\hal9000\temp\x64\debug\hal9000\os_info.obj
d:\max\pso\lab0\hal9000\temp\x64\debug\hal9000\test_priority_scheduler.nativecodeanalysis.sarif
d:\max\pso\lab0\hal9000\temp\x64\debug\hal9000\test_priority_scheduler.nativecodeanalysis.xml
d:\max\pso\lab0\hal9000\temp\x64\debug\hal9000\test_priority_scheduler.obj
d:\max\pso\lab0\hal9000\temp\x64\debug\hal9000\um_application.nativecodeanalysis.sarif
d:\max\pso\lab0\hal9000\temp\x64\debug\hal9000\um_application.nativecodeanalysis.xml
d:\max\pso\lab0\hal9000\temp\x64\debug\hal9000\um_application.obj
d:\max\pso\lab0\hal9000\temp\x64\debug\hal9000\test_common.nativecodeanalysis.sarif
d:\max\pso\lab0\hal9000\temp\x64\debug\hal9000\test_common.nativecodeanalysis.xml
d:\max\pso\lab0\hal9000\temp\x64\debug\hal9000\test_common.obj
d:\max\pso\lab0\hal9000\temp\x64\debug\hal9000\test_net_stack.nativecodeanalysis.sarif
d:\max\pso\lab0\hal9000\temp\x64\debug\hal9000\test_net_stack.nativecodeanalysis.xml
d:\max\pso\lab0\hal9000\temp\x64\debug\hal9000\test_net_stack.obj
d:\max\pso\lab0\hal9000\temp\x64\debug\hal9000\test_thread.nativecodeanalysis.sarif
d:\max\pso\lab0\hal9000\temp\x64\debug\hal9000\test_thread.nativecodeanalysis.xml
d:\max\pso\lab0\hal9000\temp\x64\debug\hal9000\test_thread.obj
d:\max\pso\lab0\hal9000\temp\x64\debug\hal9000\vmm.nativecodeanalysis.sarif
d:\max\pso\lab0\hal9000\temp\x64\debug\hal9000\vmm.nativecodeanalysis.xml
d:\max\pso\lab0\hal9000\temp\x64\debug\hal9000\vmm.obj
d:\max\pso\lab0\hal9000\temp\x64\debug\hal9000\cmd_proc_helper.nativecodeanalysis.sarif
d:\max\pso\lab0\hal9000\temp\x64\debug\hal9000\cmd_proc_helper.nativecodeanalysis.xml
d:\max\pso\lab0\hal9000\temp\x64\debug\hal9000\cmd_proc_helper.obj
d:\max\pso\lab0\hal9000\temp\x64\debug\hal9000\cmd_fs_helper.nativecodeanalysis.sarif
d:\max\pso\lab0\hal9000\temp\x64\debug\hal9000\cmd_fs_helper.nativecodeanalysis.xml
d:\max\pso\lab0\hal9000\temp\x64\debug\hal9000\cmd_fs_helper.obj
d:\max\pso\lab0\hal9000\temp\x64\debug\hal9000\ioapic_system.nativecodeanalysis.sarif
d:\max\pso\lab0\hal9000\temp\x64\debug\hal9000\ioapic_system.nativecodeanalysis.xml
d:\max\pso\lab0\hal9000\temp\x64\debug\hal9000\ioapic_system.obj
d:\max\pso\lab0\hal9000\temp\x64\debug\hal9000\mutex.nativecodeanalysis.sarif
d:\max\pso\lab0\hal9000\temp\x64\debug\hal9000\mutex.nativecodeanalysis.xml
d:\max\pso\lab0\hal9000\temp\x64\debug\hal9000\mutex.obj
d:\max\pso\lab0\hal9000\temp\x64\debug\hal9000\serial_comm.nativecodeanalysis.sarif
d:\max\pso\lab0\hal9000\temp\x64\debug\hal9000\serial_comm.nativecodeanalysis.xml
d:\max\pso\lab0\hal9000\temp\x64\debug\hal9000\serial_comm.obj
d:\max\pso\lab0\hal9000\temp\x64\debug\hal9000\syscall.nativecodeanalysis.sarif
d:\max\pso\lab0\hal9000\temp\x64\debug\hal9000\syscall.nativecodeanalysis.xml
d:\max\pso\lab0\hal9000\temp\x64\debug\hal9000\syscall.obj
d:\max\pso\lab0\hal9000\temp\x64\debug\hal9000\test_timer.nativecodeanalysis.sarif
d:\max\pso\lab0\hal9000\temp\x64\debug\hal9000\test_timer.nativecodeanalysis.xml
d:\max\pso\lab0\hal9000\temp\x64\debug\hal9000\test_timer.obj
d:\max\pso\lab0\hal9000\temp\x64\debug\hal9000\system_driver.nativecodeanalysis.sarif
d:\max\pso\lab0\hal9000\temp\x64\debug\hal9000\system_driver.nativecodeanalysis.xml
d:\max\pso\lab0\hal9000\temp\x64\debug\hal9000\system_driver.obj
d:\max\pso\lab0\hal9000\temp\x64\debug\hal9000\test_bitmap.nativecodeanalysis.sarif
d:\max\pso\lab0\hal9000\temp\x64\debug\hal9000\test_bitmap.nativecodeanalysis.xml
d:\max\pso\lab0\hal9000\temp\x64\debug\hal9000\test_bitmap.obj
d:\max\pso\lab0\hal9000\temp\x64\debug\hal9000\test_file_io.nativecodeanalysis.sarif
d:\max\pso\lab0\hal9000\temp\x64\debug\hal9000\test_file_io.nativecodeanalysis.xml
d:\max\pso\lab0\hal9000\temp\x64\debug\hal9000\test_file_io.obj
d:\max\pso\lab0\hal9000\temp\x64\debug\hal9000\ap_tramp.nativecodeanalysis.sarif
d:\max\pso\lab0\hal9000\temp\x64\debug\hal9000\ap_tramp.nativecodeanalysis.xml
d:\max\pso\lab0\hal9000\temp\x64\debug\hal9000\ap_tramp.obj
d:\max\pso\lab0\hal9000\temp\x64\debug\hal9000\dmp_multiboot.nativecodeanalysis.sarif
d:\max\pso\lab0\hal9000\temp\x64\debug\hal9000\dmp_multiboot.nativecodeanalysis.xml
d:\max\pso\lab0\hal9000\temp\x64\debug\hal9000\dmp_multiboot.obj
d:\max\pso\lab0\hal9000\temp\x64\debug\hal9000\dmp_pci.nativecodeanalysis.sarif
d:\max\pso\lab0\hal9000\temp\x64\debug\hal9000\dmp_pci.nativecodeanalysis.xml
d:\max\pso\lab0\hal9000\temp\x64\debug\hal9000\dmp_pci.obj
d:\max\pso\lab0\hal9000\temp\x64\debug\hal9000\hal_assert.nativecodeanalysis.sarif
d:\max\pso\lab0\hal9000\temp\x64\debug\hal9000\hal_assert.nativecodeanalysis.xml
d:\max\pso\lab0\hal9000\temp\x64\debug\hal9000\hal_assert.obj
d:\max\pso\lab0\hal9000\temp\x64\debug\hal9000\ipc.nativecodeanalysis.sarif
d:\max\pso\lab0\hal9000\temp\x64\debug\hal9000\ipc.nativecodeanalysis.xml
d:\max\pso\lab0\hal9000\temp\x64\debug\hal9000\ipc.obj
d:\max\pso\lab0\hal9000\temp\x64\debug\hal9000\mdl.nativecodeanalysis.sarif
d:\max\pso\lab0\hal9000\temp\x64\debug\hal9000\mdl.nativecodeanalysis.xml
d:\max\pso\lab0\hal9000\temp\x64\debug\hal9000\mdl.obj
d:\max\pso\lab0\hal9000\temp\x64\debug\hal9000\vm_reservation_space.nativecodeanalysis.sarif
d:\max\pso\lab0\hal9000\temp\x64\debug\hal9000\vm_reservation_space.nativecodeanalysis.xml
d:\max\pso\lab0\hal9000\temp\x64\debug\hal9000\vm_reservation_space.obj
d:\max\pso\lab0\hal9000\temp\x64\debug\hal9000\vc142.pdb
d:\max\pso\lab0\hal9000\bin\x64\debug\hal9000\hal9000.bin
d:\max\pso\lab0\hal9000\temp\x64\debug\hal9000\hal9000.bin.intermediate.manifest
d:\max\pso\lab0\hal9000\bin\x64\debug\hal9000\hal9000.map
d:\max\pso\lab0\hal9000\bin\x64\debug\hal9000\hal9000.pdb
d:\max\pso\lab0\hal9000\bin\x64\debug\hal9000\hal9000.bin.manifest
d:\max\pso\lab0\hal9000\temp\x64\debug\hal9000\hal9000.write.1.tlog
d:\max\pso\lab0\hal9000\temp\x64\debug\hal9000\vc.nativecodeanalysis.all.xml
d:\max\pso\lab0\hal9000\src\..\bin\x64\debug\hal9000\hal9000.pdb
d:\max\pso\lab0\hal9000\temp\x64\debug\hal9000\hal9000.tlog\cl.11584.write.1.tlog
d:\max\pso\lab0\hal9000\temp\x64\debug\hal9000\hal9000.tlog\cl.command.1.tlog
d:\max\pso\lab0\hal9000\temp\x64\debug\hal9000\hal9000.tlog\cl.read.1.tlog
d:\max\pso\lab0\hal9000\temp\x64\debug\hal9000\hal9000.tlog\link.command.1.tlog
d:\max\pso\lab0\hal9000\temp\x64\debug\hal9000\hal9000.tlog\link.read.1.tlog
d:\max\pso\lab0\hal9000\temp\x64\debug\hal9000\hal9000.tlog\link.write.1.tlog
d:\max\pso\lab0\hal9000\temp\x64\debug\hal9000\hal9000.tlog\mt.command.1.tlog
d:\max\pso\lab0\hal9000\temp\x64\debug\hal9000\hal9000.tlog\mt.read.1.tlog
d:\max\pso\lab0\hal9000\temp\x64\debug\hal9000\hal9000.tlog\mt.write.1.tlog
