d:\max\pso\lab0\hal9000\temp\x64\debug\networkport\network_miniport.nativecodeanalysis.sarif
d:\max\pso\lab0\hal9000\temp\x64\debug\networkport\network_miniport.nativecodeanalysis.xml
d:\max\pso\lab0\hal9000\temp\x64\debug\networkport\network_miniport.obj
d:\max\pso\lab0\hal9000\temp\x64\debug\networkport\network_port.nativecodeanalysis.sarif
d:\max\pso\lab0\hal9000\temp\x64\debug\networkport\network_port.nativecodeanalysis.xml
d:\max\pso\lab0\hal9000\temp\x64\debug\networkport\network_port.obj
d:\max\pso\lab0\hal9000\temp\x64\debug\networkport\network_structures.nativecodeanalysis.sarif
d:\max\pso\lab0\hal9000\temp\x64\debug\networkport\network_structures.nativecodeanalysis.xml
d:\max\pso\lab0\hal9000\temp\x64\debug\networkport\network_structures.obj
d:\max\pso\lab0\hal9000\temp\x64\debug\networkport\network_dispatch.nativecodeanalysis.sarif
d:\max\pso\lab0\hal9000\temp\x64\debug\networkport\network_dispatch.nativecodeanalysis.xml
d:\max\pso\lab0\hal9000\temp\x64\debug\networkport\network_dispatch.obj
d:\max\pso\lab0\hal9000\bin\x64\debug\networkport\networkport.pdb
d:\max\pso\lab0\hal9000\bin\x64\debug\networkport\networkport.lib
d:\max\pso\lab0\hal9000\temp\x64\debug\networkport\vc.nativecodeanalysis.all.xml
d:\max\pso\lab0\hal9000\src\..\bin\x64\debug\networkport\networkport.pdb
d:\max\pso\lab0\hal9000\temp\x64\debug\networkport\networkport.tlog\cl.15892.write.1.tlog
d:\max\pso\lab0\hal9000\temp\x64\debug\networkport\networkport.tlog\cl.command.1.tlog
d:\max\pso\lab0\hal9000\temp\x64\debug\networkport\networkport.tlog\cl.read.1.tlog
d:\max\pso\lab0\hal9000\temp\x64\debug\networkport\networkport.tlog\lib-link.read.1.tlog
d:\max\pso\lab0\hal9000\temp\x64\debug\networkport\networkport.tlog\lib-link.write.1.tlog
d:\max\pso\lab0\hal9000\temp\x64\debug\networkport\networkport.tlog\lib.command.1.tlog
