d:\max\pso\lab0\hal9000\temp\x64\debugnonnative\commonlib\_gs_checks.obj
d:\max\pso\lab0\hal9000\temp\x64\debugnonnative\commonlib\gs_checks.nativecodeanalysis.sarif
d:\max\pso\lab0\hal9000\temp\x64\debugnonnative\commonlib\gs_checks.nativecodeanalysis.xml
d:\max\pso\lab0\hal9000\temp\x64\debugnonnative\commonlib\gs_checks.obj
d:\max\pso\lab0\hal9000\temp\x64\debugnonnative\commonlib\hash_table.nativecodeanalysis.sarif
d:\max\pso\lab0\hal9000\temp\x64\debugnonnative\commonlib\hash_table.nativecodeanalysis.xml
d:\max\pso\lab0\hal9000\temp\x64\debugnonnative\commonlib\hash_table.obj
d:\max\pso\lab0\hal9000\temp\x64\debugnonnative\commonlib\stack_interface.nativecodeanalysis.sarif
d:\max\pso\lab0\hal9000\temp\x64\debugnonnative\commonlib\stack_interface.nativecodeanalysis.xml
d:\max\pso\lab0\hal9000\temp\x64\debugnonnative\commonlib\stack_interface.obj
d:\max\pso\lab0\hal9000\temp\x64\debugnonnative\commonlib\assert.nativecodeanalysis.sarif
d:\max\pso\lab0\hal9000\temp\x64\debugnonnative\commonlib\assert.nativecodeanalysis.xml
d:\max\pso\lab0\hal9000\temp\x64\debugnonnative\commonlib\assert.obj
d:\max\pso\lab0\hal9000\temp\x64\debugnonnative\commonlib\cl_memory.nativecodeanalysis.sarif
d:\max\pso\lab0\hal9000\temp\x64\debugnonnative\commonlib\cl_memory.nativecodeanalysis.xml
d:\max\pso\lab0\hal9000\temp\x64\debugnonnative\commonlib\cl_memory.obj
d:\max\pso\lab0\hal9000\temp\x64\debugnonnative\commonlib\stack_dynamic.nativecodeanalysis.sarif
d:\max\pso\lab0\hal9000\temp\x64\debugnonnative\commonlib\stack_dynamic.nativecodeanalysis.xml
d:\max\pso\lab0\hal9000\temp\x64\debugnonnative\commonlib\stack_dynamic.obj
d:\max\pso\lab0\hal9000\temp\x64\debugnonnative\commonlib\event.nativecodeanalysis.sarif
d:\max\pso\lab0\hal9000\temp\x64\debugnonnative\commonlib\event.nativecodeanalysis.xml
d:\max\pso\lab0\hal9000\temp\x64\debugnonnative\commonlib\event.obj
d:\max\pso\lab0\hal9000\temp\x64\debugnonnative\commonlib\monlock.nativecodeanalysis.sarif
d:\max\pso\lab0\hal9000\temp\x64\debugnonnative\commonlib\monlock.nativecodeanalysis.xml
d:\max\pso\lab0\hal9000\temp\x64\debugnonnative\commonlib\monlock.obj
d:\max\pso\lab0\hal9000\temp\x64\debugnonnative\commonlib\cl_string.nativecodeanalysis.sarif
d:\max\pso\lab0\hal9000\temp\x64\debugnonnative\commonlib\cl_string.nativecodeanalysis.xml
d:\max\pso\lab0\hal9000\temp\x64\debugnonnative\commonlib\cl_string.obj
d:\max\pso\lab0\hal9000\temp\x64\debugnonnative\commonlib\bitmap.nativecodeanalysis.sarif
d:\max\pso\lab0\hal9000\temp\x64\debugnonnative\commonlib\bitmap.nativecodeanalysis.xml
d:\max\pso\lab0\hal9000\temp\x64\debugnonnative\commonlib\bitmap.obj
d:\max\pso\lab0\hal9000\temp\x64\debugnonnative\commonlib\rec_rw_spinlock.nativecodeanalysis.sarif
d:\max\pso\lab0\hal9000\temp\x64\debugnonnative\commonlib\rec_rw_spinlock.nativecodeanalysis.xml
d:\max\pso\lab0\hal9000\temp\x64\debugnonnative\commonlib\rec_rw_spinlock.obj
d:\max\pso\lab0\hal9000\temp\x64\debugnonnative\commonlib\time.nativecodeanalysis.sarif
d:\max\pso\lab0\hal9000\temp\x64\debugnonnative\commonlib\time.nativecodeanalysis.xml
d:\max\pso\lab0\hal9000\temp\x64\debugnonnative\commonlib\time.obj
d:\max\pso\lab0\hal9000\temp\x64\debugnonnative\commonlib\gs_utils.nativecodeanalysis.sarif
d:\max\pso\lab0\hal9000\temp\x64\debugnonnative\commonlib\gs_utils.nativecodeanalysis.xml
d:\max\pso\lab0\hal9000\temp\x64\debugnonnative\commonlib\gs_utils.obj
d:\max\pso\lab0\hal9000\temp\x64\debugnonnative\commonlib\list.nativecodeanalysis.sarif
d:\max\pso\lab0\hal9000\temp\x64\debugnonnative\commonlib\list.nativecodeanalysis.xml
d:\max\pso\lab0\hal9000\temp\x64\debugnonnative\commonlib\list.obj
d:\max\pso\lab0\hal9000\temp\x64\debugnonnative\commonlib\strutils.nativecodeanalysis.sarif
d:\max\pso\lab0\hal9000\temp\x64\debugnonnative\commonlib\strutils.nativecodeanalysis.xml
d:\max\pso\lab0\hal9000\temp\x64\debugnonnative\commonlib\strutils.obj
d:\max\pso\lab0\hal9000\temp\x64\debugnonnative\commonlib\checkin_queue.nativecodeanalysis.sarif
d:\max\pso\lab0\hal9000\temp\x64\debugnonnative\commonlib\checkin_queue.nativecodeanalysis.xml
d:\max\pso\lab0\hal9000\temp\x64\debugnonnative\commonlib\checkin_queue.obj
d:\max\pso\lab0\hal9000\temp\x64\debugnonnative\commonlib\lock_common.nativecodeanalysis.sarif
d:\max\pso\lab0\hal9000\temp\x64\debugnonnative\commonlib\lock_common.nativecodeanalysis.xml
d:\max\pso\lab0\hal9000\temp\x64\debugnonnative\commonlib\lock_common.obj
d:\max\pso\lab0\hal9000\temp\x64\debugnonnative\commonlib\rw_spinlock.nativecodeanalysis.sarif
d:\max\pso\lab0\hal9000\temp\x64\debugnonnative\commonlib\rw_spinlock.nativecodeanalysis.xml
d:\max\pso\lab0\hal9000\temp\x64\debugnonnative\commonlib\rw_spinlock.obj
d:\max\pso\lab0\hal9000\temp\x64\debugnonnative\commonlib\common_lib.nativecodeanalysis.sarif
d:\max\pso\lab0\hal9000\temp\x64\debugnonnative\commonlib\common_lib.nativecodeanalysis.xml
d:\max\pso\lab0\hal9000\temp\x64\debugnonnative\commonlib\common_lib.obj
d:\max\pso\lab0\hal9000\temp\x64\debugnonnative\commonlib\intutils.nativecodeanalysis.sarif
d:\max\pso\lab0\hal9000\temp\x64\debugnonnative\commonlib\intutils.nativecodeanalysis.xml
d:\max\pso\lab0\hal9000\temp\x64\debugnonnative\commonlib\intutils.obj
d:\max\pso\lab0\hal9000\temp\x64\debugnonnative\commonlib\rtc_checks.nativecodeanalysis.sarif
d:\max\pso\lab0\hal9000\temp\x64\debugnonnative\commonlib\rtc_checks.nativecodeanalysis.xml
d:\max\pso\lab0\hal9000\temp\x64\debugnonnative\commonlib\rtc_checks.obj
d:\max\pso\lab0\hal9000\temp\x64\debugnonnative\commonlib\seh.nativecodeanalysis.sarif
d:\max\pso\lab0\hal9000\temp\x64\debugnonnative\commonlib\seh.nativecodeanalysis.xml
d:\max\pso\lab0\hal9000\temp\x64\debugnonnative\commonlib\seh.obj
d:\max\pso\lab0\hal9000\temp\x64\debugnonnative\commonlib\cl_heap.nativecodeanalysis.sarif
d:\max\pso\lab0\hal9000\temp\x64\debugnonnative\commonlib\cl_heap.nativecodeanalysis.xml
d:\max\pso\lab0\hal9000\temp\x64\debugnonnative\commonlib\cl_heap.obj
d:\max\pso\lab0\hal9000\temp\x64\debugnonnative\commonlib\ref_cnt.nativecodeanalysis.sarif
d:\max\pso\lab0\hal9000\temp\x64\debugnonnative\commonlib\ref_cnt.nativecodeanalysis.xml
d:\max\pso\lab0\hal9000\temp\x64\debugnonnative\commonlib\ref_cnt.obj
d:\max\pso\lab0\hal9000\temp\x64\debugnonnative\commonlib\spinlock.nativecodeanalysis.sarif
d:\max\pso\lab0\hal9000\temp\x64\debugnonnative\commonlib\spinlock.nativecodeanalysis.xml
d:\max\pso\lab0\hal9000\temp\x64\debugnonnative\commonlib\spinlock.obj
d:\max\pso\lab0\hal9000\bin\x64\debugnonnative\commonlib\commonlib.pdb
d:\max\pso\lab0\hal9000\bin\x64\debugnonnative\commonlib\commonlib.lib
d:\max\pso\lab0\hal9000\temp\x64\debugnonnative\commonlib\commonlib.write.1.tlog
d:\max\pso\lab0\hal9000\temp\x64\debugnonnative\commonlib\vc.nativecodeanalysis.all.xml
d:\max\pso\lab0\hal9000\src\..\bin\x64\debugnonnative\commonlib\commonlib.pdb
d:\max\pso\lab0\hal9000\temp\x64\debugnonnative\commonlib\commonlib.tlog\cl.13392.write.1.tlog
d:\max\pso\lab0\hal9000\temp\x64\debugnonnative\commonlib\commonlib.tlog\cl.command.1.tlog
d:\max\pso\lab0\hal9000\temp\x64\debugnonnative\commonlib\commonlib.tlog\cl.read.1.tlog
d:\max\pso\lab0\hal9000\temp\x64\debugnonnative\commonlib\commonlib.tlog\lib-link.read.1.tlog
d:\max\pso\lab0\hal9000\temp\x64\debugnonnative\commonlib\commonlib.tlog\lib-link.write.1.tlog
d:\max\pso\lab0\hal9000\temp\x64\debugnonnative\commonlib\commonlib.tlog\lib.command.1.tlog
