d:\max\pso\lab0\hal9000\temp\x64\debug\hal\_exports.obj
d:\max\pso\lab0\hal9000\temp\x64\debug\hal\lapic.nativecodeanalysis.sarif
d:\max\pso\lab0\hal9000\temp\x64\debug\hal\lapic.nativecodeanalysis.xml
d:\max\pso\lab0\hal9000\temp\x64\debug\hal\lapic.obj
d:\max\pso\lab0\hal9000\temp\x64\debug\hal\serial.nativecodeanalysis.sarif
d:\max\pso\lab0\hal9000\temp\x64\debug\hal\serial.nativecodeanalysis.xml
d:\max\pso\lab0\hal9000\temp\x64\debug\hal\serial.obj
d:\max\pso\lab0\hal9000\temp\x64\debug\hal\ioapic.nativecodeanalysis.sarif
d:\max\pso\lab0\hal9000\temp\x64\debug\hal\ioapic.nativecodeanalysis.xml
d:\max\pso\lab0\hal9000\temp\x64\debug\hal\ioapic.obj
d:\max\pso\lab0\hal9000\temp\x64\debug\hal\cmos.nativecodeanalysis.sarif
d:\max\pso\lab0\hal9000\temp\x64\debug\hal\cmos.nativecodeanalysis.xml
d:\max\pso\lab0\hal9000\temp\x64\debug\hal\cmos.obj
d:\max\pso\lab0\hal9000\temp\x64\debug\hal\pic.nativecodeanalysis.sarif
d:\max\pso\lab0\hal9000\temp\x64\debug\hal\pic.nativecodeanalysis.xml
d:\max\pso\lab0\hal9000\temp\x64\debug\hal\pic.obj
d:\max\pso\lab0\hal9000\temp\x64\debug\hal\pte.nativecodeanalysis.sarif
d:\max\pso\lab0\hal9000\temp\x64\debug\hal\pte.nativecodeanalysis.xml
d:\max\pso\lab0\hal9000\temp\x64\debug\hal\pte.obj
d:\max\pso\lab0\hal9000\temp\x64\debug\hal\gdt.nativecodeanalysis.sarif
d:\max\pso\lab0\hal9000\temp\x64\debug\hal\gdt.nativecodeanalysis.xml
d:\max\pso\lab0\hal9000\temp\x64\debug\hal\gdt.obj
d:\max\pso\lab0\hal9000\temp\x64\debug\hal\pci_device.nativecodeanalysis.sarif
d:\max\pso\lab0\hal9000\temp\x64\debug\hal\pci_device.nativecodeanalysis.xml
d:\max\pso\lab0\hal9000\temp\x64\debug\hal\pci_device.obj
d:\max\pso\lab0\hal9000\temp\x64\debug\hal\tss.nativecodeanalysis.sarif
d:\max\pso\lab0\hal9000\temp\x64\debug\hal\tss.nativecodeanalysis.xml
d:\max\pso\lab0\hal9000\temp\x64\debug\hal\tss.obj
d:\max\pso\lab0\hal9000\temp\x64\debug\hal\hal.nativecodeanalysis.sarif
d:\max\pso\lab0\hal9000\temp\x64\debug\hal\hal.nativecodeanalysis.xml
d:\max\pso\lab0\hal9000\temp\x64\debug\hal\hal.obj
d:\max\pso\lab0\hal9000\temp\x64\debug\hal\pcie.nativecodeanalysis.sarif
d:\max\pso\lab0\hal9000\temp\x64\debug\hal\pcie.nativecodeanalysis.xml
d:\max\pso\lab0\hal9000\temp\x64\debug\hal\pcie.obj
d:\max\pso\lab0\hal9000\temp\x64\debug\hal\pit.nativecodeanalysis.sarif
d:\max\pso\lab0\hal9000\temp\x64\debug\hal\pit.nativecodeanalysis.xml
d:\max\pso\lab0\hal9000\temp\x64\debug\hal\pit.obj
d:\max\pso\lab0\hal9000\temp\x64\debug\hal\idt.nativecodeanalysis.sarif
d:\max\pso\lab0\hal9000\temp\x64\debug\hal\idt.nativecodeanalysis.xml
d:\max\pso\lab0\hal9000\temp\x64\debug\hal\idt.obj
d:\max\pso\lab0\hal9000\temp\x64\debug\hal\rtc.nativecodeanalysis.sarif
d:\max\pso\lab0\hal9000\temp\x64\debug\hal\rtc.nativecodeanalysis.xml
d:\max\pso\lab0\hal9000\temp\x64\debug\hal\rtc.obj
d:\max\pso\lab0\hal9000\temp\x64\debug\hal\hw_fpu.nativecodeanalysis.sarif
d:\max\pso\lab0\hal9000\temp\x64\debug\hal\hw_fpu.nativecodeanalysis.xml
d:\max\pso\lab0\hal9000\temp\x64\debug\hal\hw_fpu.obj
d:\max\pso\lab0\hal9000\temp\x64\debug\hal\pci.nativecodeanalysis.sarif
d:\max\pso\lab0\hal9000\temp\x64\debug\hal\pci.nativecodeanalysis.xml
d:\max\pso\lab0\hal9000\temp\x64\debug\hal\pci.obj
d:\max\pso\lab0\hal9000\temp\x64\debug\hal\vmx.nativecodeanalysis.sarif
d:\max\pso\lab0\hal9000\temp\x64\debug\hal\vmx.nativecodeanalysis.xml
d:\max\pso\lab0\hal9000\temp\x64\debug\hal\vmx.obj
d:\max\pso\lab0\hal9000\bin\x64\debug\hal\hal.pdb
d:\max\pso\lab0\hal9000\bin\x64\debug\hal\hal.lib
d:\max\pso\lab0\hal9000\temp\x64\debug\hal\hal.write.1.tlog
d:\max\pso\lab0\hal9000\temp\x64\debug\hal\vc.nativecodeanalysis.all.xml
d:\max\pso\lab0\hal9000\src\..\bin\x64\debug\hal\hal.pdb
d:\max\pso\lab0\hal9000\temp\x64\debug\hal\hal.tlog\cl.11000.write.1.tlog
d:\max\pso\lab0\hal9000\temp\x64\debug\hal\hal.tlog\cl.command.1.tlog
d:\max\pso\lab0\hal9000\temp\x64\debug\hal\hal.tlog\cl.read.1.tlog
d:\max\pso\lab0\hal9000\temp\x64\debug\hal\hal.tlog\lib-link.read.1.tlog
d:\max\pso\lab0\hal9000\temp\x64\debug\hal\hal.tlog\lib-link.write.1.tlog
d:\max\pso\lab0\hal9000\temp\x64\debug\hal\hal.tlog\lib.command.1.tlog
