  src\_exports.yasm
  cmos.c
  gdt.c
  hal.c
  hw_fpu.c
  idt.c
  ioapic.c
  lapic.c
  pci.c
  pcie.c
  pci_device.c
  pic.c
  pit.c
  pte.c
  rtc.c
  serial.c
  tss.c
  vmx.c
  HAL.vcxproj -> D:\Max\PSO\lab0\hal9000\bin\x64\Debug\HAL\HAL.lib
  "Project name: [HAL]"
  "Project dir: [D:\Max\PSO\lab0\hal9000\src\]"
  "Platform name: [x64]"
  "Configuration name: [Debug]"
  "Solution name: [HAL9000]"
  "Target name: [HAL]"
  "Target extension: [.lib]"
  "Full project path: [D:\Max\PSO\lab0\hal9000\src\..\bin\x64\Debug\HAL]"
  About to save scripts
  --INFO: build done!
