d:\max\pso\lab0\hal9000\temp\x64\debug\networkstack\network_device.nativecodeanalysis.sarif
d:\max\pso\lab0\hal9000\temp\x64\debug\networkstack\network_device.nativecodeanalysis.xml
d:\max\pso\lab0\hal9000\temp\x64\debug\networkstack\network_device.obj
d:\max\pso\lab0\hal9000\temp\x64\debug\networkstack\network_stack.nativecodeanalysis.sarif
d:\max\pso\lab0\hal9000\temp\x64\debug\networkstack\network_stack.nativecodeanalysis.xml
d:\max\pso\lab0\hal9000\temp\x64\debug\networkstack\network_stack.obj
d:\max\pso\lab0\hal9000\temp\x64\debug\networkstack\network_interface.nativecodeanalysis.sarif
d:\max\pso\lab0\hal9000\temp\x64\debug\networkstack\network_interface.nativecodeanalysis.xml
d:\max\pso\lab0\hal9000\temp\x64\debug\networkstack\network_interface.obj
d:\max\pso\lab0\hal9000\temp\x64\debug\networkstack\network_operations.nativecodeanalysis.sarif
d:\max\pso\lab0\hal9000\temp\x64\debug\networkstack\network_operations.nativecodeanalysis.xml
d:\max\pso\lab0\hal9000\temp\x64\debug\networkstack\network_operations.obj
d:\max\pso\lab0\hal9000\bin\x64\debug\networkstack\networkstack.pdb
d:\max\pso\lab0\hal9000\bin\x64\debug\networkstack\networkstack.lib
d:\max\pso\lab0\hal9000\temp\x64\debug\networkstack\vc.nativecodeanalysis.all.xml
d:\max\pso\lab0\hal9000\src\..\bin\x64\debug\networkstack\networkstack.pdb
d:\max\pso\lab0\hal9000\temp\x64\debug\networkstack\networkstack.tlog\cl.20364.write.1.tlog
d:\max\pso\lab0\hal9000\temp\x64\debug\networkstack\networkstack.tlog\cl.command.1.tlog
d:\max\pso\lab0\hal9000\temp\x64\debug\networkstack\networkstack.tlog\cl.read.1.tlog
d:\max\pso\lab0\hal9000\temp\x64\debug\networkstack\networkstack.tlog\lib-link.read.1.tlog
d:\max\pso\lab0\hal9000\temp\x64\debug\networkstack\networkstack.tlog\lib-link.write.1.tlog
d:\max\pso\lab0\hal9000\temp\x64\debug\networkstack\networkstack.tlog\lib.command.1.tlog
